2024-09-14 15:33:27,784 INFO o.a.j.u.JMeterUtils: Setting Locale to en_EN
2024-09-14 15:33:27,799 INFO o.a.j.JMeter: Loading user properties from: C:\Program Files\apache-jmeter-5.6.3\bin\user.properties
2024-09-14 15:33:27,799 INFO o.a.j.JMeter: Loading system properties from: C:\Program Files\apache-jmeter-5.6.3\bin\system.properties
2024-09-14 15:33:27,816 INFO o.a.j.JMeter: Copyright (c) 1998-2024 The Apache Software Foundation
2024-09-14 15:33:27,816 INFO o.a.j.JMeter: Version 5.6.3
2024-09-14 15:33:27,816 INFO o.a.j.JMeter: java.version=21.0.4
2024-09-14 15:33:27,816 INFO o.a.j.JMeter: java.vm.name=OpenJDK 64-Bit Server VM
2024-09-14 15:33:27,816 INFO o.a.j.JMeter: os.name=Windows 11
2024-09-14 15:33:27,816 INFO o.a.j.JMeter: os.arch=amd64
2024-09-14 15:33:27,816 INFO o.a.j.JMeter: os.version=10.0
2024-09-14 15:33:27,816 INFO o.a.j.JMeter: file.encoding=UTF-8
2024-09-14 15:33:27,816 INFO o.a.j.JMeter: java.awt.headless=null
2024-09-14 15:33:27,816 INFO o.a.j.JMeter: Max memory     =1073741824
2024-09-14 15:33:27,816 INFO o.a.j.JMeter: Available Processors =8
2024-09-14 15:33:27,829 INFO o.a.j.JMeter: Default Locale=English (EN)
2024-09-14 15:33:27,829 INFO o.a.j.JMeter: JMeter  Locale=English (EN)
2024-09-14 15:33:27,829 INFO o.a.j.JMeter: JMeterHome=C:\Program Files\apache-jmeter-5.6.3
2024-09-14 15:33:27,829 INFO o.a.j.JMeter: user.dir  =E:\WebServer_Project
2024-09-14 15:33:27,830 INFO o.a.j.JMeter: PWD       =E:\WebServer_Project
2024-09-14 15:33:27,832 INFO o.a.j.JMeter: IP: 192.168.1.7 Name: JITENDRA FullName: JITENDRA
2024-09-14 15:33:27,848 INFO o.a.j.JMeter: Loaded icon properties from org/apache/jmeter/images/icon.properties
2024-09-14 15:33:28,304 INFO o.a.j.JMeterGuiLauncher: Setting LAF to: com.github.weisj.darklaf.DarkLaf:com.github.weisj.darklaf.theme.DarculaTheme
2024-09-14 15:33:35,869 INFO o.a.j.g.a.t.TemplateManager: Reading templates from: C:\Program Files\apache-jmeter-5.6.3\bin\templates\templates.xml
2024-09-14 15:33:45,992 INFO o.a.j.s.FileServer: Default base='E:\WebServer_Project'
2024-09-14 15:33:45,993 INFO o.a.j.g.a.Load: Loading file: E:\WebServer_Project\Thread Group.jmx
2024-09-14 15:33:45,993 INFO o.a.j.s.FileServer: Set new base='E:\WebServer_Project'
2024-09-14 15:33:46,179 INFO o.a.j.s.SaveService: Testplan (JMX) version: 2.2. Testlog (JTL) version: 2.2
2024-09-14 15:33:46,211 INFO o.a.j.s.SaveService: Using SaveService properties version 5.0
2024-09-14 15:33:46,211 INFO o.a.j.s.SaveService: Using SaveService properties file encoding UTF-8
2024-09-14 15:33:46,211 INFO o.a.j.s.SaveService: Loading file: E:\WebServer_Project\Thread Group.jmx
2024-09-14 15:33:46,360 INFO o.a.j.s.SampleResult: Note: Sample TimeStamps are START times
2024-09-14 15:33:46,360 INFO o.a.j.s.SampleResult: sampleresult.default.encoding is set to UTF-8
2024-09-14 15:33:46,360 INFO o.a.j.s.SampleResult: sampleresult.useNanoTime=true
2024-09-14 15:33:46,360 INFO o.a.j.s.SampleResult: sampleresult.nanoThreadSleep=5000
2024-09-14 15:33:46,686 INFO o.a.j.s.FileServer: Set new base='E:\WebServer_Project'
